Jul 30 09:46:52 Updated: glibc-common-2.17-260.el7_6.6.x86_64
Jul 30 09:46:53 Updated: glibc-2.17-260.el7_6.6.x86_64
Jul 30 09:46:53 Installed: mpfr-3.1.1-4.el7.x86_64
Jul 30 09:46:53 Installed: libmpc-1.0.1-3.el7.x86_64
Jul 30 09:46:54 Installed: cpp-4.8.5-36.el7_6.2.x86_64
Jul 30 09:46:55 Installed: kernel-headers-3.10.0-957.21.3.el7.x86_64
Jul 30 09:46:55 Installed: glibc-headers-2.17-260.el7_6.6.x86_64
Jul 30 09:46:55 Installed: glibc-devel-2.17-260.el7_6.6.x86_64
Jul 30 09:46:57 Installed: gcc-4.8.5-36.el7_6.2.x86_64
Jul 30 09:51:19 Installed: m4-1.4.16-10.el7.x86_64
Jul 30 09:51:19 Installed: flex-2.5.37-6.el7.x86_64
Jul 30 09:52:15 Installed: bison-3.0.4-2.el7.x86_64
Jul 30 10:00:13 Installed: libcom_err-devel-1.42.9-13.el7.x86_64
Jul 30 10:00:13 Installed: libsepol-devel-2.5-10.el7.x86_64
Jul 30 10:00:14 Installed: pcre-devel-8.32-17.el7.x86_64
Jul 30 10:00:14 Installed: libselinux-devel-2.5-14.1.el7.x86_64
Jul 30 10:00:14 Installed: libkadm5-1.15.1-37.el7_6.x86_64
Jul 30 10:00:14 Installed: zlib-devel-1.2.7-18.el7.x86_64
Jul 30 10:00:14 Installed: libverto-devel-0.2.5-4.el7.x86_64
Jul 30 10:00:14 Installed: keyutils-libs-devel-1.5.8-3.el7.x86_64
Jul 30 10:00:14 Installed: krb5-devel-1.15.1-37.el7_6.x86_64
Jul 30 10:00:15 Installed: 1:openssl-devel-1.0.2k-16.el7_6.1.x86_64
Jul 30 10:00:47 Installed: bc-1.06.95-13.el7.x86_64
Jul 30 10:01:39 Installed: elfutils-libelf-devel-0.172-2.el7.x86_64
